<html>
<head>
<title>TestNG:  Suit 1</title>
<link href="../testng.css" rel="stylesheet" type="text/css" />
<link href="../my-testng.css" rel="stylesheet" type="text/css" />

<style type="text/css">
.log { display: none;} 
.stack-trace { display: none;} 
</style>
<script type="text/javascript">
<!--
function flip(e) {
  current = e.style.display;
  if (current == 'block') {
    e.style.display = 'none';
    return 0;
  }
  else {
    e.style.display = 'block';
    return 1;
  }
}

function toggleBox(szDivId, elem, msg1, msg2)
{
  var res = -1;  if (document.getElementById) {
    res = flip(document.getElementById(szDivId));
  }
  else if (document.all) {
    // this is the way old msie versions work
    res = flip(document.all[szDivId]);
  }
  if(elem) {
    if(res == 0) elem.innerHTML = msg1; else elem.innerHTML = msg2;
  }

}

function toggleAllBoxes() {
  if (document.getElementsByTagName) {
    d = document.getElementsByTagName('div');
    for (i = 0; i < d.length; i++) {
      if (d[i].className == 'log') {
        flip(d[i]);
      }
    }
  }
}

// -->
</script>

</head>
<body>
<h2 align='center'>Suit 1</h2><table border='1' align="center">
<tr>
<td>Tests passed/Failed/Skipped:</td><td>9/1/0</td>
</tr><tr>
<td>Started on:</td><td>Wed Feb 04 10:12:22 BOT 2015</td>
</tr>
<tr><td>Total time:</td><td>66 seconds (66263 ms)</td>
</tr><tr>
<td>Included groups:</td><td></td>
</tr><tr>
<td>Excluded groups:</td><td></td>
</tr>
</table><p/>
<small><i>(Hover the method name to see the test class name)</i></small><p/>
<table width='100%' border='1' class='invocation-failed'>
<tr><td colspan='4' align='center'><b>FAILED TESTS</b></td></tr>
<tr><td><b>Test method</b></td>
<td width="30%"><b>Exception</b></td>
<td width="10%"><b>Time (seconds)</b></td>
<td><b>Instance</b></td>
</tr>
<tr>
<td title='test.VerifyIfPeriodWasCreated.createPeriod()'><b>createPeriod</b><br>Test class: test.VerifyIfPeriodWasCreated<br>Parameters: NamePeriod1, 1/2/2015</td>
<td><div><pre>org.openqa.selenium.StaleElementReferenceException: Element not found in the cache - perhaps the page has changed since it was looked up
Command duration or timeout: 10.10 seconds
For documentation on this error, please visit: http://seleniumhq.org/exceptions/stale_element_reference.html
Build info: version: &apos;2.44.0&apos;, revision: &apos;76d78cf&apos;, time: &apos;2014-10-23 20:03:00&apos;
System info: host: &apos;VDQADEV01-LT5YB&apos;, ip: &apos;172.20.200.19&apos;, os.name: &apos;Windows Server 2012 R2&apos;, os.arch: &apos;amd64&apos;, os.version: &apos;6.3&apos;, java.version: &apos;1.8.0_25&apos;
Driver info: org.openqa.selenium.firefox.FirefoxDriver
Capabilities [{applicationCacheEnabled=true, rotatable=false, handlesAlerts=true, databaseEnabled=true, version=35.0.1, platform=WINDOWS, nativeEvents=false, acceptSslCerts=true, webStorageEnabled=true, locationContextEnabled=true, browserName=firefox, takesScreenshot=true, javascriptEnabled=true, cssSelectorsEnabled=true}]
Session ID: c47ffa63-a4e3-4ec7-9a50-c8a251a59a0d
	at org.openqa.selenium.remote.ErrorHandler.createThrowable(ErrorHandler.java:204)
	at org.openqa.selenium.remote.ErrorHandler.throwIfResponseFailed(ErrorHandler.java:156)
	at org.openqa.selenium.remote.RemoteWebDriver.execute(RemoteWebDriver.java:599)
	at org.openqa.selenium.remote.RemoteWebElement.execute(RemoteWebElement.java:268)
	at org.openqa.selenium.remote.RemoteWebElement.getText(RemoteWebElement.java:152)
	at org.openqa.selenium.support.pagefactory.internal.LocatingElementHandler.invoke(LocatingElementHandler.java:50)
	at com.sun.proxy.$Proxy6.getText(Unknown Source)
	at framework.pages.period.PeriodDetailsPage.getPeriodName(PeriodDetailsPage.java:68)
	at test.VerifyIfPeriodWasCreated.createPeriod(VerifyIfPeriodWasCreated.java:32)
Caused by: org.openqa.selenium.StaleElementReferenceException: Element not found in the cache - perhaps the page has changed since it was looked up
For documentation on this error, please visit: http://seleniumhq.org/exceptions/stale_element_reference.html
Build info: version: &apos;2.44.0&apos;, revision: &apos;76d78cf&apos;, time: &apos;2014-10-23 20:03:00&apos;
System info: host: &apos;VDQADEV01-LT5YB&apos;, ip: &apos;172.20.200.19&apos;, os.name: &apos;Windows Server 2012 R2&apos;, os.arch: &apos;amd64&apos;, os.version: &apos;6.3&apos;, java.version: &apos;1.8.0_25&apos;
Driver info: driver.version: unknown
	at &lt;anonymous class&gt;.fxdriver.cache.getElementAt(resource://fxdriver/modules/web-element-cache.js:8329:1)
	at &lt;anonymous class&gt;.Utils.getElementAt(file:///C:/Users/ASAELC~1/AppData/Local/Temp/anonymous5069775262048166422webdriver-profile/extensions/fxdriver@googlecode.com/components/command-processor.js:7922:10)
	at &lt;anonymous class&gt;.WebElement.getElementText(file:///C:/Users/ASAELC~1/AppData/Local/Temp/anonymous5069775262048166422webdriver-profile/extensions/fxdriver@googlecode.com/components/command-processor.js:11065:11)
	at &lt;anonymous class&gt;.DelayedCommand.prototype.executeInternal_/h(file:///C:/Users/ASAELC~1/AppData/Local/Temp/anonymous5069775262048166422webdriver-profile/extensions/fxdriver@googlecode.com/components/command-processor.js:11635:16)
	at &lt;anonymous class&gt;.fxdriver.Timer.prototype.setTimeout/&lt;.notify(file:///C:/Users/ASAELC~1/AppData/Local/Temp/anonymous5069775262048166422webdriver-profile/extensions/fxdriver@googlecode.com/components/command-processor.js:548:5)
... Removed 32 stack frames</pre></div><a href='#' onClick='toggleBox("stack-trace1678709153", this, "Click to show all stack frames", "Click to hide stack frames")'>Click to show all stack frames</a>
<div class='stack-trace' id='stack-trace1678709153'><pre>org.openqa.selenium.StaleElementReferenceException: Element not found in the cache - perhaps the page has changed since it was looked up
Command duration or timeout: 10.10 seconds
For documentation on this error, please visit: http://seleniumhq.org/exceptions/stale_element_reference.html
Build info: version: &apos;2.44.0&apos;, revision: &apos;76d78cf&apos;, time: &apos;2014-10-23 20:03:00&apos;
System info: host: &apos;VDQADEV01-LT5YB&apos;, ip: &apos;172.20.200.19&apos;, os.name: &apos;Windows Server 2012 R2&apos;, os.arch: &apos;amd64&apos;, os.version: &apos;6.3&apos;, java.version: &apos;1.8.0_25&apos;
Driver info: org.openqa.selenium.firefox.FirefoxDriver
Capabilities [{applicationCacheEnabled=true, rotatable=false, handlesAlerts=true, databaseEnabled=true, version=35.0.1, platform=WINDOWS, nativeEvents=false, acceptSslCerts=true, webStorageEnabled=true, locationContextEnabled=true, browserName=firefox, takesScreenshot=true, javascriptEnabled=true, cssSelectorsEnabled=true}]
Session ID: c47ffa63-a4e3-4ec7-9a50-c8a251a59a0d
	at sun.reflect.NativeConstructorAccessorImpl.newInstance0(Native Method)
	at sun.reflect.NativeConstructorAccessorImpl.newInstance(Unknown Source)
	at sun.reflect.DelegatingConstructorAccessorImpl.newInstance(Unknown Source)
	at java.lang.reflect.Constructor.newInstance(Unknown Source)
	at org.openqa.selenium.remote.ErrorHandler.createThrowable(ErrorHandler.java:204)
	at org.openqa.selenium.remote.ErrorHandler.throwIfResponseFailed(ErrorHandler.java:156)
	at org.openqa.selenium.remote.RemoteWebDriver.execute(RemoteWebDriver.java:599)
	at org.openqa.selenium.remote.RemoteWebElement.execute(RemoteWebElement.java:268)
	at org.openqa.selenium.remote.RemoteWebElement.getText(RemoteWebElement.java:152)
	at sun.reflect.NativeMethodAccessorImpl.invoke0(Native Method)
	at sun.reflect.NativeMethodAccessorImpl.invoke(Unknown Source)
	at sun.reflect.DelegatingMethodAccessorImpl.invoke(Unknown Source)
	at java.lang.reflect.Method.invoke(Unknown Source)
	at org.openqa.selenium.support.pagefactory.internal.LocatingElementHandler.invoke(LocatingElementHandler.java:50)
	at com.sun.proxy.$Proxy6.getText(Unknown Source)
	at framework.pages.period.PeriodDetailsPage.getPeriodName(PeriodDetailsPage.java:68)
	at test.VerifyIfPeriodWasCreated.createPeriod(VerifyIfPeriodWasCreated.java:32)
	at sun.reflect.NativeMethodAccessorImpl.invoke0(Native Method)
	at sun.reflect.NativeMethodAccessorImpl.invoke(Unknown Source)
	at sun.reflect.DelegatingMethodAccessorImpl.invoke(Unknown Source)
	at java.lang.reflect.Method.invoke(Unknown Source)
	at org.testng.internal.MethodInvocationHelper.invokeMethod(MethodInvocationHelper.java:84)
	at org.testng.internal.Invoker.invokeMethod(Invoker.java:714)
	at org.testng.internal.Invoker.invokeTestMethod(Invoker.java:901)
	at org.testng.internal.Invoker.invokeTestMethods(Invoker.java:1231)
	at org.testng.internal.TestMethodWorker.invokeTestMethods(TestMethodWorker.java:127)
	at org.testng.internal.TestMethodWorker.run(TestMethodWorker.java:111)
	at org.testng.TestRunner.privateRun(TestRunner.java:767)
	at org.testng.TestRunner.run(TestRunner.java:617)
	at org.testng.SuiteRunner.runTest(SuiteRunner.java:334)
	at org.testng.SuiteRunner.runSequentially(SuiteRunner.java:329)
	at org.testng.SuiteRunner.privateRun(SuiteRunner.java:291)
	at org.testng.SuiteRunner.run(SuiteRunner.java:240)
	at org.testng.SuiteRunnerWorker.runSuite(SuiteRunnerWorker.java:52)
	at org.testng.SuiteRunnerWorker.run(SuiteRunnerWorker.java:86)
	at org.testng.TestNG.runSuitesSequentially(TestNG.java:1224)
	at org.testng.TestNG.runSuitesLocally(TestNG.java:1149)
	at org.testng.TestNG.run(TestNG.java:1057)
	at org.testng.remote.RemoteTestNG.run(RemoteTestNG.java:111)
	at org.testng.remote.RemoteTestNG.initAndRun(RemoteTestNG.java:204)
	at org.testng.remote.RemoteTestNG.main(RemoteTestNG.java:175)
Caused by: org.openqa.selenium.StaleElementReferenceException: Element not found in the cache - perhaps the page has changed since it was looked up
For documentation on this error, please visit: http://seleniumhq.org/exceptions/stale_element_reference.html
Build info: version: &apos;2.44.0&apos;, revision: &apos;76d78cf&apos;, time: &apos;2014-10-23 20:03:00&apos;
System info: host: &apos;VDQADEV01-LT5YB&apos;, ip: &apos;172.20.200.19&apos;, os.name: &apos;Windows Server 2012 R2&apos;, os.arch: &apos;amd64&apos;, os.version: &apos;6.3&apos;, java.version: &apos;1.8.0_25&apos;
Driver info: driver.version: unknown
	at &lt;anonymous class&gt;.fxdriver.cache.getElementAt(resource://fxdriver/modules/web-element-cache.js:8329:1)
	at &lt;anonymous class&gt;.Utils.getElementAt(file:///C:/Users/ASAELC~1/AppData/Local/Temp/anonymous5069775262048166422webdriver-profile/extensions/fxdriver@googlecode.com/components/command-processor.js:7922:10)
	at &lt;anonymous class&gt;.WebElement.getElementText(file:///C:/Users/ASAELC~1/AppData/Local/Temp/anonymous5069775262048166422webdriver-profile/extensions/fxdriver@googlecode.com/components/command-processor.js:11065:11)
	at &lt;anonymous class&gt;.DelayedCommand.prototype.executeInternal_/h(file:///C:/Users/ASAELC~1/AppData/Local/Temp/anonymous5069775262048166422webdriver-profile/extensions/fxdriver@googlecode.com/components/command-processor.js:11635:16)
	at &lt;anonymous class&gt;.fxdriver.Timer.prototype.setTimeout/&lt;.notify(file:///C:/Users/ASAELC~1/AppData/Local/Temp/anonymous5069775262048166422webdriver-profile/extensions/fxdriver@googlecode.com/components/command-processor.js:548:5)
</pre></div></td>
<td>18</td>
<td>test.VerifyIfPeriodWasCreated@20b2475a</td></tr>
</table><p>
<table width='100%' border='1' class='invocation-passed'>
<tr><td colspan='4' align='center'><b>PASSED TESTS</b></td></tr>
<tr><td><b>Test method</b></td>
<td width="30%"><b>Exception</b></td>
<td width="10%"><b>Time (seconds)</b></td>
<td><b>Instance</b></td>
</tr>
<tr>
<td title='test.VerifyIfApplicantWasCreated.createApplicant()'><b>createApplicant</b><br>Test class: test.VerifyIfApplicantWasCreated<br>Parameters: 10001, NameApplicant, LastNameApplicant, Name1@LastName.com, 777777771</td>
<td></td>
<td>7</td>
<td>test.VerifyIfApplicantWasCreated@210ab13f</td></tr>
<tr>
<td title='test.VerifyIfApplicantWasCreated.createApplicant()'><b>createApplicant</b><br>Test class: test.VerifyIfApplicantWasCreated<br>Parameters: 10002, NameApplicante, LastNameApplicant, Name1@LastName2.com, 777777772</td>
<td></td>
<td>6</td>
<td>test.VerifyIfApplicantWasCreated@210ab13f</td></tr>
<tr>
<td title='test.VerifyIfStageWasCreated.createNewStage()'><b>createNewStage</b><br>Test class: test.VerifyIfStageWasCreated<br>Parameters: stagename1, stageTitle1, stageDescription1</td>
<td></td>
<td>3</td>
<td>test.VerifyIfStageWasCreated@7857fe2</td></tr>
<tr>
<td title='test.VerifyIfStageWasCreated.createNewStage()'><b>createNewStage</b><br>Test class: test.VerifyIfStageWasCreated<br>Parameters: stagename2, stageTitle2, stageDescription2</td>
<td></td>
<td>3</td>
<td>test.VerifyIfStageWasCreated@7857fe2</td></tr>
<tr>
<td title='test.VerifyIfUserWasCreated.createNewUser()'><b>createNewUser</b><br>Test class: test.VerifyIfUserWasCreated<br>Parameters: 1234, userName1, userLastName1, user@lastName1.com</td>
<td></td>
<td>5</td>
<td>test.VerifyIfUserWasCreated@1be2019a</td></tr>
<tr>
<td title='test.VerifyIfUserWasCreated.createNewUser()'><b>createNewUser</b><br>Test class: test.VerifyIfUserWasCreated<br>Parameters: 1235, userName2, userLastName2, user@lastName2.com</td>
<td></td>
<td>5</td>
<td>test.VerifyIfUserWasCreated@1be2019a</td></tr>
<tr>
<td title='test.VerifyIfPeriodWasCreated.createPeriod()'><b>createPeriod</b><br>Test class: test.VerifyIfPeriodWasCreated<br>Parameters: NamePeriod2, 1/3/2015</td>
<td></td>
<td>6</td>
<td>test.VerifyIfPeriodWasCreated@20b2475a</td></tr>
<tr>
<td title='test.VerifyIfProgramWasCreated.createProgram()'><b>createProgram</b><br>Test class: test.VerifyIfProgramWasCreated<br>Parameters: NameProgram1, TitleProgram1, DescriptionProgram1</td>
<td></td>
<td>3</td>
<td>test.VerifyIfProgramWasCreated@6f15d60e</td></tr>
<tr>
<td title='test.VerifyIfProgramWasCreated.createProgram()'><b>createProgram</b><br>Test class: test.VerifyIfProgramWasCreated<br>Parameters: NameProgram2, TitleProgram2, DescriptionProgram2</td>
<td></td>
<td>3</td>
<td>test.VerifyIfProgramWasCreated@6f15d60e</td></tr>
</table><p>
</body>
</html>