<!DOCTYPE html>

<html>
  <head>
  <title>TestNG reports</title>

    <link type="text/css" href="testng-reports.css" rel="stylesheet" />  
    <script type="text/javascript" src="jquery-1.7.1.min.js"></script>
    <script type="text/javascript" src="testng-reports.js"></script>
    <script type="text/javascript" src="https://www.google.com/jsapi"></script>
    <script type='text/javascript'>
      google.load('visualization', '1', {packages:['table']});
      google.setOnLoadCallback(drawTable);
      var suiteTableInitFunctions = new Array();
      var suiteTableData = new Array();
    </script>
    <!--
      <script type="text/javascript" src="jquery-ui/js/jquery-ui-1.8.16.custom.min.js"></script>
     -->
  </head>

  <body>
    <div class="top-banner-root">
      <span class="top-banner-title-font">Test results</span>
      <br/>
      <span class="top-banner-font-1">1 suite, 4 failed tests</span>
    </div> <!-- top-banner-root -->
    <div class="navigator-root">
      <div class="navigator-suite-header">
        <span>All suites</span>
        <a href="#" class="collapse-all-link" title="Collapse/expand all the suites">
          <img class="collapse-all-icon" src="collapseall.gif">
          </img> <!-- collapse-all-icon -->
        </a> <!-- collapse-all-link -->
      </div> <!-- navigator-suite-header -->
      <div class="suite">
        <div class="rounded-window">
          <div class="suite-header light-rounded-window-top">
            <a href="#" class="navigator-link" panel-name="suite-JagdPantherSuit">
              <span class="suite-name border-failed">JagdPantherSuit</span>
            </a> <!-- navigator-link -->
          </div> <!-- suite-header light-rounded-window-top -->
          <div class="navigator-suite-content">
            <div class="suite-section-title">
              <span>Info</span>
            </div> <!-- suite-section-title -->
            <div class="suite-section-content">
              <ul>
                <li>
                  <a href="#" class="navigator-link " panel-name="test-xml-JagdPantherSuit">
                    <span>C:\Users\Asael Calizaya\workspace\jagdPanther\src\test\JagdPantherSuit.xml</span>
                  </a> <!-- navigator-link  -->
                </li>
                <li>
                  <a href="#" class="navigator-link " panel-name="testlist-JagdPantherSuit">
                    <span class="test-stats">1 test</span>
                  </a> <!-- navigator-link  -->
                </li>
                <li>
                  <a href="#" class="navigator-link " panel-name="group-JagdPantherSuit">
                    <span>0 groups</span>
                  </a> <!-- navigator-link  -->
                </li>
                <li>
                  <a href="#" class="navigator-link " panel-name="times-JagdPantherSuit">
                    <span>Times</span>
                  </a> <!-- navigator-link  -->
                </li>
                <li>
                  <a href="#" class="navigator-link " panel-name="reporter-JagdPantherSuit">
                    <span>Reporter output</span>
                  </a> <!-- navigator-link  -->
                </li>
                <li>
                  <a href="#" class="navigator-link " panel-name="ignored-methods-JagdPantherSuit">
                    <span>Ignored methods</span>
                  </a> <!-- navigator-link  -->
                </li>
                <li>
                  <a href="#" class="navigator-link " panel-name="chronological-JagdPantherSuit">
                    <span>Chronological view</span>
                  </a> <!-- navigator-link  -->
                </li>
              </ul>
            </div> <!-- suite-section-content -->
            <div class="result-section">
              <div class="suite-section-title">
                <span>Results</span>
              </div> <!-- suite-section-title -->
              <div class="suite-section-content">
                <ul>
                  <li>
                    <span class="method-stats">9 methods, 4 failed,   5 passed</span>
                  </li>
                  <li>
                    <span class="method-list-title failed">Failed methods</span>
                    <span class="show-or-hide-methods failed">
                      <a href="#" panel-name="suite-JagdPantherSuit" class="hide-methods failed suite-JagdPantherSuit"> (hide)</a> <!-- hide-methods failed suite-JagdPantherSuit -->
                      <a href="#" panel-name="suite-JagdPantherSuit" class="show-methods failed suite-JagdPantherSuit"> (show)</a> <!-- show-methods failed suite-JagdPantherSuit -->
                    </span>
                    <div class="method-list-content failed suite-JagdPantherSuit">
                      <span>
                        <img width="3%" src="failed.png"/>
                        <a href="#" class="method navigator-link" panel-name="suite-JagdPantherSuit" title="test.VerifyIfApplicantWasCreated" hash-for-method="createApplicant(10001, NameApplicant, LastNameApplicant, Name1@LastName.com, 777777771)">createApplicant(10001, NameApplicant, LastNameApplicant, Name1@LastName.com, 777777771)</a> <!-- method navigator-link -->
                      </span>
                      <br/>
                      <span>
                        <img width="3%" src="failed.png"/>
                        <a href="#" class="method navigator-link" panel-name="suite-JagdPantherSuit" title="test.VerifyIfApplicantWasCreated" hash-for-method="createApplicant(10002, NameApplicante, LastNameApplicant, Name1@LastName2.com, 777777772)">createApplicant(10002, NameApplicante, LastNameApplicant, Name1@LastName2.com, 777777772)</a> <!-- method navigator-link -->
                      </span>
                      <br/>
                      <span>
                        <img width="3%" src="failed.png"/>
                        <a href="#" class="method navigator-link" panel-name="suite-JagdPantherSuit" title="test.VerifyIfPeriodWasCreated" hash-for-method="createPeriod(NamePeriod2, 1/3/2015)">createPeriod(NamePeriod2, 1/3/2015)</a> <!-- method navigator-link -->
                      </span>
                      <br/>
                      <span>
                        <img width="3%" src="failed.png"/>
                        <a href="#" class="method navigator-link" panel-name="suite-JagdPantherSuit" title="test.VerifyIfPeriodWasCreated" hash-for-method="createPeriod(NamePeriod1, 1/2/2015)">createPeriod(NamePeriod1, 1/2/2015)</a> <!-- method navigator-link -->
                      </span>
                      <br/>
                    </div> <!-- method-list-content failed suite-JagdPantherSuit -->
                  </li>
                  <li>
                    <span class="method-list-title passed">Passed methods</span>
                    <span class="show-or-hide-methods passed">
                      <a href="#" panel-name="suite-JagdPantherSuit" class="hide-methods passed suite-JagdPantherSuit"> (hide)</a> <!-- hide-methods passed suite-JagdPantherSuit -->
                      <a href="#" panel-name="suite-JagdPantherSuit" class="show-methods passed suite-JagdPantherSuit"> (show)</a> <!-- show-methods passed suite-JagdPantherSuit -->
                    </span>
                    <div class="method-list-content passed suite-JagdPantherSuit">
                      <span>
                        <img width="3%" src="passed.png"/>
                        <a href="#" class="method navigator-link" panel-name="suite-JagdPantherSuit" title="test.VerifyIfStageWasCreated" hash-for-method="createNewStage(stagename2, stageTitle2, stageDescription2)">createNewStage(stagename2, stageTitle2, stageDescription2)</a> <!-- method navigator-link -->
                      </span>
                      <br/>
                      <span>
                        <img width="3%" src="passed.png"/>
                        <a href="#" class="method navigator-link" panel-name="suite-JagdPantherSuit" title="test.VerifyIfUserWasCreated" hash-for-method="createNewUser(1235, userName2, userLastName2, user@lastName2.com)">createNewUser(1235, userName2, userLastName2, user@lastName2.com)</a> <!-- method navigator-link -->
                      </span>
                      <br/>
                      <span>
                        <img width="3%" src="passed.png"/>
                        <a href="#" class="method navigator-link" panel-name="suite-JagdPantherSuit" title="test.VerifyIfUserWasCreated" hash-for-method="createNewUser(1234, userName1, userLastName1, user@lastName1.com)">createNewUser(1234, userName1, userLastName1, user@lastName1.com)</a> <!-- method navigator-link -->
                      </span>
                      <br/>
                      <span>
                        <img width="3%" src="passed.png"/>
                        <a href="#" class="method navigator-link" panel-name="suite-JagdPantherSuit" title="test.VerifyIfProgramWasCreated" hash-for-method="createProgram(NameProgram2, TitleProgram2, DescriptionProgram2)">createProgram(NameProgram2, TitleProgram2, DescriptionProgram2)</a> <!-- method navigator-link -->
                      </span>
                      <br/>
                      <span>
                        <img width="3%" src="passed.png"/>
                        <a href="#" class="method navigator-link" panel-name="suite-JagdPantherSuit" title="test.VerifyIfProgramWasCreated" hash-for-method="createProgram(NameProgram1, TitleProgram1, DescriptionProgram1)">createProgram(NameProgram1, TitleProgram1, DescriptionProgram1)</a> <!-- method navigator-link -->
                      </span>
                      <br/>
                    </div> <!-- method-list-content passed suite-JagdPantherSuit -->
                  </li>
                </ul>
              </div> <!-- suite-section-content -->
            </div> <!-- result-section -->
          </div> <!-- navigator-suite-content -->
        </div> <!-- rounded-window -->
      </div> <!-- suite -->
    </div> <!-- navigator-root -->
    <div class="wrapper">
      <div class="main-panel-root">
        <div panel-name="suite-JagdPantherSuit" class="panel JagdPantherSuit">
          <div class="suite-JagdPantherSuit-class-failed">
            <div class="main-panel-header rounded-window-top">
              <img src="failed.png"/>
              <span class="class-name">test.VerifyIfPeriodWasCreated</span>
            </div> <!-- main-panel-header rounded-window-top -->
            <div class="main-panel-content rounded-window-bottom">
              <div class="method">
                <div class="method-content">
                  <a name="createPeriod(NamePeriod2, 1/3/2015)">
                  </a> <!-- createPeriod(NamePeriod2, 1/3/2015) -->
                  <span class="method-name">createPeriod</span>
                  <span class="parameters">(NamePeriod2, 1/3/2015)</span>
                  <div class="stack-trace">org.openqa.selenium.NoSuchElementException: Unable to locate element: {&quot;method&quot;:&quot;id&quot;,&quot;selector&quot;:&quot;j_id_y:programs:0:j_id_18&quot;}
Command duration or timeout: 10.39 seconds
For documentation on this error, please visit: http://seleniumhq.org/exceptions/no_such_element.html
Build info: version: &apos;2.44.0&apos;, revision: &apos;76d78cf&apos;, time: &apos;2014-10-23 20:03:00&apos;
System info: host: &apos;VDQADEV01-LT5YB&apos;, ip: &apos;172.20.200.19&apos;, os.name: &apos;Windows Server 2012 R2&apos;, os.arch: &apos;amd64&apos;, os.version: &apos;6.3&apos;, java.version: &apos;1.8.0_25&apos;
Driver info: org.openqa.selenium.firefox.FirefoxDriver
Capabilities [{applicationCacheEnabled=true, rotatable=false, handlesAlerts=true, databaseEnabled=true, version=35.0.1, platform=WINDOWS, nativeEvents=false, acceptSslCerts=true, webStorageEnabled=true, locationContextEnabled=true, browserName=firefox, takesScreenshot=true, javascriptEnabled=true, cssSelectorsEnabled=true}]
Session ID: da55a7cf-7081-4489-9ba9-00bf6b30cf8c
	at org.openqa.selenium.remote.ErrorHandler.createThrowable(ErrorHandler.java:204)
	at org.openqa.selenium.remote.ErrorHandler.throwIfResponseFailed(ErrorHandler.java:156)
	at org.openqa.selenium.remote.RemoteWebDriver.execute(RemoteWebDriver.java:599)
	at org.openqa.selenium.remote.RemoteWebDriver.findElement(RemoteWebDriver.java:352)
	at org.openqa.selenium.remote.RemoteWebDriver.findElementById(RemoteWebDriver.java:393)
	at org.openqa.selenium.By$ById.findElement(By.java:214)
	at org.openqa.selenium.remote.RemoteWebDriver.findElement(RemoteWebDriver.java:344)
	at org.openqa.selenium.support.pagefactory.DefaultElementLocator.findElement(DefaultElementLocator.java:59)
	at org.openqa.selenium.support.pagefactory.internal.LocatingElementHandler.invoke(LocatingElementHandler.java:37)
	at com.sun.proxy.$Proxy9.click(Unknown Source)
	at framework.pages.programs.ProgramsPage.clickDetailProgram(ProgramsPage.java:39)
	at test.VerifyIfPeriodWasCreated.createPeriod(VerifyIfPeriodWasCreated.java:50)
Caused by: org.openqa.selenium.NoSuchElementException: Unable to locate element: {&quot;method&quot;:&quot;id&quot;,&quot;selector&quot;:&quot;j_id_y:programs:0:j_id_18&quot;}
For documentation on this error, please visit: http://seleniumhq.org/exceptions/no_such_element.html
Build info: version: &apos;2.44.0&apos;, revision: &apos;76d78cf&apos;, time: &apos;2014-10-23 20:03:00&apos;
System info: host: &apos;VDQADEV01-LT5YB&apos;, ip: &apos;172.20.200.19&apos;, os.name: &apos;Windows Server 2012 R2&apos;, os.arch: &apos;amd64&apos;, os.version: &apos;6.3&apos;, java.version: &apos;1.8.0_25&apos;
Driver info: driver.version: unknown
	at &lt;anonymous class&gt;.FirefoxDriver.prototype.findElementInternal_(file:///C:/Users/ASAELC~1/AppData/Local/Temp/anonymous4655604708823110263webdriver-profile/extensions/fxdriver@googlecode.com/components/driver-component.js:9641:26)
	at &lt;anonymous class&gt;.fxdriver.Timer.prototype.setTimeout/&lt;.notify(file:///C:/Users/ASAELC~1/AppData/Local/Temp/anonymous4655604708823110263webdriver-profile/extensions/fxdriver@googlecode.com/components/driver-component.js:548:5)
... Removed 28 stack frames
</div> <!-- stack-trace -->
                </div> <!-- method-content -->
              </div> <!-- method -->
              <div class="method">
                <div class="method-content">
                  <a name="createPeriod(NamePeriod1, 1/2/2015)">
                  </a> <!-- createPeriod(NamePeriod1, 1/2/2015) -->
                  <span class="method-name">createPeriod</span>
                  <span class="parameters">(NamePeriod1, 1/2/2015)</span>
                  <div class="stack-trace">org.openqa.selenium.NoSuchElementException: Unable to locate element: {&quot;method&quot;:&quot;id&quot;,&quot;selector&quot;:&quot;j_id_y:programs:0:j_id_18&quot;}
Command duration or timeout: 10.89 seconds
For documentation on this error, please visit: http://seleniumhq.org/exceptions/no_such_element.html
Build info: version: &apos;2.44.0&apos;, revision: &apos;76d78cf&apos;, time: &apos;2014-10-23 20:03:00&apos;
System info: host: &apos;VDQADEV01-LT5YB&apos;, ip: &apos;172.20.200.19&apos;, os.name: &apos;Windows Server 2012 R2&apos;, os.arch: &apos;amd64&apos;, os.version: &apos;6.3&apos;, java.version: &apos;1.8.0_25&apos;
Driver info: org.openqa.selenium.firefox.FirefoxDriver
Capabilities [{applicationCacheEnabled=true, rotatable=false, handlesAlerts=true, databaseEnabled=true, version=35.0.1, platform=WINDOWS, nativeEvents=false, acceptSslCerts=true, webStorageEnabled=true, locationContextEnabled=true, browserName=firefox, takesScreenshot=true, javascriptEnabled=true, cssSelectorsEnabled=true}]
Session ID: da55a7cf-7081-4489-9ba9-00bf6b30cf8c
	at org.openqa.selenium.remote.ErrorHandler.createThrowable(ErrorHandler.java:204)
	at org.openqa.selenium.remote.ErrorHandler.throwIfResponseFailed(ErrorHandler.java:156)
	at org.openqa.selenium.remote.RemoteWebDriver.execute(RemoteWebDriver.java:599)
	at org.openqa.selenium.remote.RemoteWebDriver.findElement(RemoteWebDriver.java:352)
	at org.openqa.selenium.remote.RemoteWebDriver.findElementById(RemoteWebDriver.java:393)
	at org.openqa.selenium.By$ById.findElement(By.java:214)
	at org.openqa.selenium.remote.RemoteWebDriver.findElement(RemoteWebDriver.java:344)
	at org.openqa.selenium.support.pagefactory.DefaultElementLocator.findElement(DefaultElementLocator.java:59)
	at org.openqa.selenium.support.pagefactory.internal.LocatingElementHandler.invoke(LocatingElementHandler.java:37)
	at com.sun.proxy.$Proxy9.click(Unknown Source)
	at framework.pages.programs.ProgramsPage.clickDetailProgram(ProgramsPage.java:39)
	at test.VerifyIfPeriodWasCreated.createPeriod(VerifyIfPeriodWasCreated.java:50)
Caused by: org.openqa.selenium.NoSuchElementException: Unable to locate element: {&quot;method&quot;:&quot;id&quot;,&quot;selector&quot;:&quot;j_id_y:programs:0:j_id_18&quot;}
For documentation on this error, please visit: http://seleniumhq.org/exceptions/no_such_element.html
Build info: version: &apos;2.44.0&apos;, revision: &apos;76d78cf&apos;, time: &apos;2014-10-23 20:03:00&apos;
System info: host: &apos;VDQADEV01-LT5YB&apos;, ip: &apos;172.20.200.19&apos;, os.name: &apos;Windows Server 2012 R2&apos;, os.arch: &apos;amd64&apos;, os.version: &apos;6.3&apos;, java.version: &apos;1.8.0_25&apos;
Driver info: driver.version: unknown
	at &lt;anonymous class&gt;.FirefoxDriver.prototype.findElementInternal_(file:///C:/Users/ASAELC~1/AppData/Local/Temp/anonymous4655604708823110263webdriver-profile/extensions/fxdriver@googlecode.com/components/driver-component.js:9641:26)
	at &lt;anonymous class&gt;.fxdriver.Timer.prototype.setTimeout/&lt;.notify(file:///C:/Users/ASAELC~1/AppData/Local/Temp/anonymous4655604708823110263webdriver-profile/extensions/fxdriver@googlecode.com/components/driver-component.js:548:5)
... Removed 28 stack frames
</div> <!-- stack-trace -->
                </div> <!-- method-content -->
              </div> <!-- method -->
            </div> <!-- main-panel-content rounded-window-bottom -->
          </div> <!-- suite-JagdPantherSuit-class-failed -->
          <div class="suite-JagdPantherSuit-class-failed">
            <div class="main-panel-header rounded-window-top">
              <img src="failed.png"/>
              <span class="class-name">test.VerifyIfApplicantWasCreated</span>
            </div> <!-- main-panel-header rounded-window-top -->
            <div class="main-panel-content rounded-window-bottom">
              <div class="method">
                <div class="method-content">
                  <a name="createApplicant(10001, NameApplicant, LastNameApplicant, Name1@LastName.com, 777777771)">
                  </a> <!-- createApplicant(10001, NameApplicant, LastNameApplicant, Name1@LastName.com, 777777771) -->
                  <span class="method-name">createApplicant</span>
                  <span class="parameters">(10001, NameApplicant, LastNameApplicant, Name1@LastName.com, 777777771)</span>
                  <div class="stack-trace">org.openqa.selenium.NoSuchElementException: Unable to locate element: {&quot;method&quot;:&quot;id&quot;,&quot;selector&quot;:&quot;j_id_t:programs:0:j_id_17&quot;}
Command duration or timeout: 11.72 seconds
For documentation on this error, please visit: http://seleniumhq.org/exceptions/no_such_element.html
Build info: version: &apos;2.44.0&apos;, revision: &apos;76d78cf&apos;, time: &apos;2014-10-23 20:03:00&apos;
System info: host: &apos;VDQADEV01-LT5YB&apos;, ip: &apos;172.20.200.19&apos;, os.name: &apos;Windows Server 2012 R2&apos;, os.arch: &apos;amd64&apos;, os.version: &apos;6.3&apos;, java.version: &apos;1.8.0_25&apos;
Driver info: org.openqa.selenium.firefox.FirefoxDriver
Capabilities [{applicationCacheEnabled=true, rotatable=false, handlesAlerts=true, databaseEnabled=true, version=35.0.1, platform=WINDOWS, nativeEvents=false, acceptSslCerts=true, webStorageEnabled=true, locationContextEnabled=true, browserName=firefox, takesScreenshot=true, javascriptEnabled=true, cssSelectorsEnabled=true}]
Session ID: da55a7cf-7081-4489-9ba9-00bf6b30cf8c
	at org.openqa.selenium.remote.ErrorHandler.createThrowable(ErrorHandler.java:204)
	at org.openqa.selenium.remote.ErrorHandler.throwIfResponseFailed(ErrorHandler.java:156)
	at org.openqa.selenium.remote.RemoteWebDriver.execute(RemoteWebDriver.java:599)
	at org.openqa.selenium.remote.RemoteWebDriver.findElement(RemoteWebDriver.java:352)
	at org.openqa.selenium.remote.RemoteWebDriver.findElementById(RemoteWebDriver.java:393)
	at org.openqa.selenium.By$ById.findElement(By.java:214)
	at org.openqa.selenium.remote.RemoteWebDriver.findElement(RemoteWebDriver.java:344)
	at org.openqa.selenium.support.pagefactory.DefaultElementLocator.findElement(DefaultElementLocator.java:59)
	at org.openqa.selenium.support.pagefactory.internal.LocatingElementHandler.invoke(LocatingElementHandler.java:37)
	at com.sun.proxy.$Proxy9.click(Unknown Source)
	at framework.pages.period.PeriodPage.clickEditButton(PeriodPage.java:27)
	at test.VerifyIfApplicantWasCreated.createApplicant(VerifyIfApplicantWasCreated.java:57)
Caused by: org.openqa.selenium.NoSuchElementException: Unable to locate element: {&quot;method&quot;:&quot;id&quot;,&quot;selector&quot;:&quot;j_id_t:programs:0:j_id_17&quot;}
For documentation on this error, please visit: http://seleniumhq.org/exceptions/no_such_element.html
Build info: version: &apos;2.44.0&apos;, revision: &apos;76d78cf&apos;, time: &apos;2014-10-23 20:03:00&apos;
System info: host: &apos;VDQADEV01-LT5YB&apos;, ip: &apos;172.20.200.19&apos;, os.name: &apos;Windows Server 2012 R2&apos;, os.arch: &apos;amd64&apos;, os.version: &apos;6.3&apos;, java.version: &apos;1.8.0_25&apos;
Driver info: driver.version: unknown
	at &lt;anonymous class&gt;.FirefoxDriver.prototype.findElementInternal_(file:///C:/Users/ASAELC~1/AppData/Local/Temp/anonymous4655604708823110263webdriver-profile/extensions/fxdriver@googlecode.com/components/driver-component.js:9641:26)
	at &lt;anonymous class&gt;.fxdriver.Timer.prototype.setTimeout/&lt;.notify(file:///C:/Users/ASAELC~1/AppData/Local/Temp/anonymous4655604708823110263webdriver-profile/extensions/fxdriver@googlecode.com/components/driver-component.js:548:5)
... Removed 28 stack frames
</div> <!-- stack-trace -->
                </div> <!-- method-content -->
              </div> <!-- method -->
              <div class="method">
                <div class="method-content">
                  <a name="createApplicant(10002, NameApplicante, LastNameApplicant, Name1@LastName2.com, 777777772)">
                  </a> <!-- createApplicant(10002, NameApplicante, LastNameApplicant, Name1@LastName2.com, 777777772) -->
                  <span class="method-name">createApplicant</span>
                  <span class="parameters">(10002, NameApplicante, LastNameApplicant, Name1@LastName2.com, 777777772)</span>
                  <div class="stack-trace">org.openqa.selenium.NoSuchElementException: Unable to locate element: {&quot;method&quot;:&quot;id&quot;,&quot;selector&quot;:&quot;j_id_t:programs:0:j_id_17&quot;}
Command duration or timeout: 10.37 seconds
For documentation on this error, please visit: http://seleniumhq.org/exceptions/no_such_element.html
Build info: version: &apos;2.44.0&apos;, revision: &apos;76d78cf&apos;, time: &apos;2014-10-23 20:03:00&apos;
System info: host: &apos;VDQADEV01-LT5YB&apos;, ip: &apos;172.20.200.19&apos;, os.name: &apos;Windows Server 2012 R2&apos;, os.arch: &apos;amd64&apos;, os.version: &apos;6.3&apos;, java.version: &apos;1.8.0_25&apos;
Driver info: org.openqa.selenium.firefox.FirefoxDriver
Capabilities [{applicationCacheEnabled=true, rotatable=false, handlesAlerts=true, databaseEnabled=true, version=35.0.1, platform=WINDOWS, nativeEvents=false, acceptSslCerts=true, webStorageEnabled=true, locationContextEnabled=true, browserName=firefox, takesScreenshot=true, javascriptEnabled=true, cssSelectorsEnabled=true}]
Session ID: da55a7cf-7081-4489-9ba9-00bf6b30cf8c
	at org.openqa.selenium.remote.ErrorHandler.createThrowable(ErrorHandler.java:204)
	at org.openqa.selenium.remote.ErrorHandler.throwIfResponseFailed(ErrorHandler.java:156)
	at org.openqa.selenium.remote.RemoteWebDriver.execute(RemoteWebDriver.java:599)
	at org.openqa.selenium.remote.RemoteWebDriver.findElement(RemoteWebDriver.java:352)
	at org.openqa.selenium.remote.RemoteWebDriver.findElementById(RemoteWebDriver.java:393)
	at org.openqa.selenium.By$ById.findElement(By.java:214)
	at org.openqa.selenium.remote.RemoteWebDriver.findElement(RemoteWebDriver.java:344)
	at org.openqa.selenium.support.pagefactory.DefaultElementLocator.findElement(DefaultElementLocator.java:59)
	at org.openqa.selenium.support.pagefactory.internal.LocatingElementHandler.invoke(LocatingElementHandler.java:37)
	at com.sun.proxy.$Proxy9.click(Unknown Source)
	at framework.pages.period.PeriodPage.clickEditButton(PeriodPage.java:27)
	at test.VerifyIfApplicantWasCreated.createApplicant(VerifyIfApplicantWasCreated.java:57)
Caused by: org.openqa.selenium.NoSuchElementException: Unable to locate element: {&quot;method&quot;:&quot;id&quot;,&quot;selector&quot;:&quot;j_id_t:programs:0:j_id_17&quot;}
For documentation on this error, please visit: http://seleniumhq.org/exceptions/no_such_element.html
Build info: version: &apos;2.44.0&apos;, revision: &apos;76d78cf&apos;, time: &apos;2014-10-23 20:03:00&apos;
System info: host: &apos;VDQADEV01-LT5YB&apos;, ip: &apos;172.20.200.19&apos;, os.name: &apos;Windows Server 2012 R2&apos;, os.arch: &apos;amd64&apos;, os.version: &apos;6.3&apos;, java.version: &apos;1.8.0_25&apos;
Driver info: driver.version: unknown
	at &lt;anonymous class&gt;.FirefoxDriver.prototype.findElementInternal_(file:///C:/Users/ASAELC~1/AppData/Local/Temp/anonymous4655604708823110263webdriver-profile/extensions/fxdriver@googlecode.com/components/driver-component.js:9641:26)
	at &lt;anonymous class&gt;.fxdriver.Timer.prototype.setTimeout/&lt;.notify(file:///C:/Users/ASAELC~1/AppData/Local/Temp/anonymous4655604708823110263webdriver-profile/extensions/fxdriver@googlecode.com/components/driver-component.js:548:5)
... Removed 28 stack frames
</div> <!-- stack-trace -->
                </div> <!-- method-content -->
              </div> <!-- method -->
            </div> <!-- main-panel-content rounded-window-bottom -->
          </div> <!-- suite-JagdPantherSuit-class-failed -->
          <div class="suite-JagdPantherSuit-class-passed">
            <div class="main-panel-header rounded-window-top">
              <img src="passed.png"/>
              <span class="class-name">test.VerifyIfUserWasCreated</span>
            </div> <!-- main-panel-header rounded-window-top -->
            <div class="main-panel-content rounded-window-bottom">
              <div class="method">
                <div class="method-content">
                  <a name="createNewUser(1235, userName2, userLastName2, user@lastName2.com)">
                  </a> <!-- createNewUser(1235, userName2, userLastName2, user@lastName2.com) -->
                  <span class="method-name">createNewUser</span>
                  <span class="parameters">(1235, userName2, userLastName2, user@lastName2.com)</span>
                </div> <!-- method-content -->
              </div> <!-- method -->
              <div class="method">
                <div class="method-content">
                  <a name="createNewUser(1234, userName1, userLastName1, user@lastName1.com)">
                  </a> <!-- createNewUser(1234, userName1, userLastName1, user@lastName1.com) -->
                  <span class="method-name">createNewUser</span>
                  <span class="parameters">(1234, userName1, userLastName1, user@lastName1.com)</span>
                </div> <!-- method-content -->
              </div> <!-- method -->
            </div> <!-- main-panel-content rounded-window-bottom -->
          </div> <!-- suite-JagdPantherSuit-class-passed -->
          <div class="suite-JagdPantherSuit-class-passed">
            <div class="main-panel-header rounded-window-top">
              <img src="passed.png"/>
              <span class="class-name">test.VerifyIfProgramWasCreated</span>
            </div> <!-- main-panel-header rounded-window-top -->
            <div class="main-panel-content rounded-window-bottom">
              <div class="method">
                <div class="method-content">
                  <a name="createProgram(NameProgram2, TitleProgram2, DescriptionProgram2)">
                  </a> <!-- createProgram(NameProgram2, TitleProgram2, DescriptionProgram2) -->
                  <span class="method-name">createProgram</span>
                  <span class="parameters">(NameProgram2, TitleProgram2, DescriptionProgram2)</span>
                </div> <!-- method-content -->
              </div> <!-- method -->
              <div class="method">
                <div class="method-content">
                  <a name="createProgram(NameProgram1, TitleProgram1, DescriptionProgram1)">
                  </a> <!-- createProgram(NameProgram1, TitleProgram1, DescriptionProgram1) -->
                  <span class="method-name">createProgram</span>
                  <span class="parameters">(NameProgram1, TitleProgram1, DescriptionProgram1)</span>
                </div> <!-- method-content -->
              </div> <!-- method -->
            </div> <!-- main-panel-content rounded-window-bottom -->
          </div> <!-- suite-JagdPantherSuit-class-passed -->
          <div class="suite-JagdPantherSuit-class-passed">
            <div class="main-panel-header rounded-window-top">
              <img src="passed.png"/>
              <span class="class-name">test.VerifyIfStageWasCreated</span>
            </div> <!-- main-panel-header rounded-window-top -->
            <div class="main-panel-content rounded-window-bottom">
              <div class="method">
                <div class="method-content">
                  <a name="createNewStage(stagename2, stageTitle2, stageDescription2)">
                  </a> <!-- createNewStage(stagename2, stageTitle2, stageDescription2) -->
                  <span class="method-name">createNewStage</span>
                  <span class="parameters">(stagename2, stageTitle2, stageDescription2)</span>
                </div> <!-- method-content -->
              </div> <!-- method -->
            </div> <!-- main-panel-content rounded-window-bottom -->
          </div> <!-- suite-JagdPantherSuit-class-passed -->
        </div> <!-- panel JagdPantherSuit -->
        <div panel-name="test-xml-JagdPantherSuit" class="panel">
          <div class="main-panel-header rounded-window-top">
            <span class="header-content">C:\Users\Asael Calizaya\workspace\jagdPanther\src\test\JagdPantherSuit.xml</span>
          </div> <!-- main-panel-header rounded-window-top -->
          <div class="main-panel-content rounded-window-bottom">
            <pre>
&lt;?xml version=&quot;1.0&quot; encoding=&quot;UTF-8&quot;?&gt;
&lt;!DOCTYPE suite SYSTEM &quot;http://testng.org/testng-1.0.dtd&quot;&gt;
&lt;suite name=&quot;JagdPantherSuit&quot;&gt;
  &lt;test name=&quot;Acceptance test&quot;&gt;
    &lt;classes&gt;
      &lt;class name=&quot;test.StartTest&quot;/&gt;
      &lt;class name=&quot;test.VerifyIfProgramWasCreated&quot;/&gt;
      &lt;class name=&quot;test.VerifyIfPeriodWasCreated&quot;/&gt;
      &lt;class name=&quot;test.VerifyIfApplicantWasCreated&quot;/&gt;
      &lt;class name=&quot;test.VerifyIfStageWasCreated&quot;/&gt;
      &lt;class name=&quot;test.VerifyIfUserWasCreated&quot;/&gt;
    &lt;/classes&gt;
  &lt;/test&gt; &lt;!-- Acceptance test --&gt;
&lt;/suite&gt; &lt;!-- JagdPantherSuit --&gt;
            </pre>
          </div> <!-- main-panel-content rounded-window-bottom -->
        </div> <!-- panel -->
        <div panel-name="testlist-JagdPantherSuit" class="panel">
          <div class="main-panel-header rounded-window-top">
            <span class="header-content">Tests for JagdPantherSuit</span>
          </div> <!-- main-panel-header rounded-window-top -->
          <div class="main-panel-content rounded-window-bottom">
            <ul>
              <li>
                <span class="test-name">Acceptance test (6 classes)</span>
              </li>
            </ul>
          </div> <!-- main-panel-content rounded-window-bottom -->
        </div> <!-- panel -->
        <div panel-name="group-JagdPantherSuit" class="panel">
          <div class="main-panel-header rounded-window-top">
            <span class="header-content">Groups for JagdPantherSuit</span>
          </div> <!-- main-panel-header rounded-window-top -->
          <div class="main-panel-content rounded-window-bottom">
          </div> <!-- main-panel-content rounded-window-bottom -->
        </div> <!-- panel -->
        <div panel-name="times-JagdPantherSuit" class="panel">
          <div class="main-panel-header rounded-window-top">
            <span class="header-content">Times for JagdPantherSuit</span>
          </div> <!-- main-panel-header rounded-window-top -->
          <div class="main-panel-content rounded-window-bottom">
            <div class="times-div">
              <script type="text/javascript">
suiteTableInitFunctions.push('tableData_JagdPantherSuit');
function tableData_JagdPantherSuit() {
var data = new google.visualization.DataTable();
data.addColumn('number', 'Number');
data.addColumn('string', 'Method');
data.addColumn('string', 'Class');
data.addColumn('number', 'Time (ms)');
data.addRows(9);
data.setCell(0, 0, 0)
data.setCell(0, 1, 'createApplicant')
data.setCell(0, 2, 'test.VerifyIfApplicantWasCreated')
data.setCell(0, 3, 12162);
data.setCell(1, 0, 1)
data.setCell(1, 1, 'createPeriod')
data.setCell(1, 2, 'test.VerifyIfPeriodWasCreated')
data.setCell(1, 3, 11168);
data.setCell(2, 0, 2)
data.setCell(2, 1, 'createPeriod')
data.setCell(2, 2, 'test.VerifyIfPeriodWasCreated')
data.setCell(2, 3, 10750);
data.setCell(3, 0, 3)
data.setCell(3, 1, 'createApplicant')
data.setCell(3, 2, 'test.VerifyIfApplicantWasCreated')
data.setCell(3, 3, 10668);
data.setCell(4, 0, 4)
data.setCell(4, 1, 'createNewUser')
data.setCell(4, 2, 'test.VerifyIfUserWasCreated')
data.setCell(4, 3, 5583);
data.setCell(5, 0, 5)
data.setCell(5, 1, 'createNewUser')
data.setCell(5, 2, 'test.VerifyIfUserWasCreated')
data.setCell(5, 3, 5175);
data.setCell(6, 0, 6)
data.setCell(6, 1, 'createNewStage')
data.setCell(6, 2, 'test.VerifyIfStageWasCreated')
data.setCell(6, 3, 4840);
data.setCell(7, 0, 7)
data.setCell(7, 1, 'createProgram')
data.setCell(7, 2, 'test.VerifyIfProgramWasCreated')
data.setCell(7, 3, 4519);
data.setCell(8, 0, 8)
data.setCell(8, 1, 'createProgram')
data.setCell(8, 2, 'test.VerifyIfProgramWasCreated')
data.setCell(8, 3, 3490);
window.suiteTableData['JagdPantherSuit']= { tableData: data, tableDiv: 'times-div-JagdPantherSuit'}
return data;
}
              </script>
              <span class="suite-total-time">Total running time: 1 minutes</span>
              <div id="times-div-JagdPantherSuit">
              </div> <!-- times-div-JagdPantherSuit -->
            </div> <!-- times-div -->
          </div> <!-- main-panel-content rounded-window-bottom -->
        </div> <!-- panel -->
        <div panel-name="reporter-JagdPantherSuit" class="panel">
          <div class="main-panel-header rounded-window-top">
            <span class="header-content">Reporter output for JagdPantherSuit</span>
          </div> <!-- main-panel-header rounded-window-top -->
          <div class="main-panel-content rounded-window-bottom">
          </div> <!-- main-panel-content rounded-window-bottom -->
        </div> <!-- panel -->
        <div panel-name="ignored-methods-JagdPantherSuit" class="panel">
          <div class="main-panel-header rounded-window-top">
            <span class="header-content">0 ignored methods</span>
          </div> <!-- main-panel-header rounded-window-top -->
          <div class="main-panel-content rounded-window-bottom">
          </div> <!-- main-panel-content rounded-window-bottom -->
        </div> <!-- panel -->
        <div panel-name="chronological-JagdPantherSuit" class="panel">
          <div class="main-panel-header rounded-window-top">
            <span class="header-content">Methods in chronological order</span>
          </div> <!-- main-panel-header rounded-window-top -->
          <div class="main-panel-content rounded-window-bottom">
            <div class="chronological-class">
              <div class="chronological-class-name">test.StartTest</div> <!-- chronological-class-name -->
              <div class="configuration-suite before">
                <span class="method-name">init</span>
                <span class="method-start">0 ms</span>
              </div> <!-- configuration-suite before -->
            </div> <!-- chronological-class -->
            <div class="chronological-class">
              <div class="chronological-class-name">test.VerifyIfProgramWasCreated</div> <!-- chronological-class-name -->
              <div class="test-method">
                <span class="method-name">createProgram(NameProgram1, TitleProgram1, DescriptionProgram1)</span>
                <span class="method-start">3622 ms</span>
              </div> <!-- test-method -->
              <div class="test-method">
                <span class="method-name">createProgram(NameProgram2, TitleProgram2, DescriptionProgram2)</span>
                <span class="method-start">8160 ms</span>
              </div> <!-- test-method -->
              <div class="configuration-class after">
                <span class="method-name">deleteData</span>
                <span class="method-start">11654 ms</span>
              </div> <!-- configuration-class after -->
            </div> <!-- chronological-class -->
            <div class="chronological-class">
              <div class="chronological-class-name">test.VerifyIfPeriodWasCreated</div> <!-- chronological-class-name -->
              <div class="configuration-class before">
                <span class="method-name">createProgram</span>
                <span class="method-start">11710 ms</span>
              </div> <!-- configuration-class before -->
              <div class="test-method">
                <img src="failed.png">
                </img>
                <span class="method-name">createPeriod(NamePeriod1, 1/2/2015)</span>
                <span class="method-start">12184 ms</span>
              </div> <!-- test-method -->
              <div class="test-method">
                <img src="failed.png">
                </img>
                <span class="method-name">createPeriod(NamePeriod2, 1/3/2015)</span>
                <span class="method-start">23872 ms</span>
              </div> <!-- test-method -->
              <div class="configuration-class after">
                <span class="method-name">deleteData</span>
                <span class="method-start">34863 ms</span>
              </div> <!-- configuration-class after -->
            </div> <!-- chronological-class -->
            <div class="chronological-class">
              <div class="chronological-class-name">test.VerifyIfApplicantWasCreated</div> <!-- chronological-class-name -->
              <div class="configuration-class before">
                <span class="method-name">createProgram</span>
                <span class="method-start">34865 ms</span>
              </div> <!-- configuration-class before -->
              <div class="test-method">
                <img src="failed.png">
                </img>
                <span class="method-name">createApplicant(10001, NameApplicant, LastNameApplicant, Name1@LastName.com, 777777771)</span>
                <span class="method-start">35199 ms</span>
              </div> <!-- test-method -->
              <div class="test-method">
                <img src="failed.png">
                </img>
                <span class="method-name">createApplicant(10002, NameApplicante, LastNameApplicant, Name1@LastName2.com, 777777772)</span>
                <span class="method-start">47534 ms</span>
              </div> <!-- test-method -->
              <div class="configuration-class after">
                <span class="method-name">deleteData</span>
                <span class="method-start">58439 ms</span>
              </div> <!-- configuration-class after -->
            </div> <!-- chronological-class -->
            <div class="chronological-class">
              <div class="chronological-class-name">test.VerifyIfStageWasCreated</div> <!-- chronological-class-name -->
              <div class="test-method">
                <span class="method-name">createNewStage(stagename2, stageTitle2, stageDescription2)</span>
                <span class="method-start">58647 ms</span>
              </div> <!-- test-method -->
              <div class="configuration-class after">
                <span class="method-name">deleteData</span>
                <span class="method-start">63489 ms</span>
              </div> <!-- configuration-class after -->
            </div> <!-- chronological-class -->
            <div class="chronological-class">
              <div class="chronological-class-name">test.VerifyIfUserWasCreated</div> <!-- chronological-class-name -->
              <div class="test-method">
                <span class="method-name">createNewUser(1234, userName1, userLastName1, user@lastName1.com)</span>
                <span class="method-start">63534 ms</span>
              </div> <!-- test-method -->
              <div class="test-method">
                <span class="method-name">createNewUser(1235, userName2, userLastName2, user@lastName2.com)</span>
                <span class="method-start">69118 ms</span>
              </div> <!-- test-method -->
              <div class="configuration-class after">
                <span class="method-name">deleteData</span>
                <span class="method-start">74294 ms</span>
              </div> <!-- configuration-class after -->
            </div> <!-- chronological-class -->
            <div class="chronological-class">
              <div class="chronological-class-name">test.StartTest</div> <!-- chronological-class-name -->
              <div class="configuration-suite after">
                <span class="method-name">quit</span>
                <span class="method-start">74707 ms</span>
              </div> <!-- configuration-suite after -->
          </div> <!-- main-panel-content rounded-window-bottom -->
        </div> <!-- panel -->
      </div> <!-- main-panel-root -->
    </div> <!-- wrapper -->
  </body>
</html>
